<?xml version="1.0" encoding="UTF-8" ?>
<testsuite tests="17" failures="0" name="com.grandmaster.chesspieces.RookTest" time="0" errors="0" skipped="0">
  <properties>
[...]
</properties>
  <testcase classname="com.grandmaster.chesspieces.RookTest" name="testValidMoveLeftOneSpace" time="0"/>
  <testcase classname="com.grandmaster.chesspieces.RookTest" name="testValidMoveLeftTwoSpaces" time="0"/>
  <testcase classname="com.grandmaster.chesspieces.RookTest" name="testValidMoveRightOneSpace" time="0"/>
  <testcase classname="com.grandmaster.chesspieces.RookTest" name="testValidMoveBackwardTwoSpaces" time="0"/>
  <testcase classname="com.grandmaster.chesspieces.RookTest" name="testInvalidMoveOutOfBounds" time="0"/>
  <testcase classname="com.grandmaster.chesspieces.RookTest" name="testInvalidMoveDiagonalForwardRightTwoSpaces" time="0"/>
  <testcase classname="com.grandmaster.chesspieces.RookTest" name="testValidMoveForwardOneSpace" time="0"/>
  <testcase classname="com.grandmaster.chesspieces.RookTest" name="testInvalidMoveDiagonalDownwardRightTwoSpaces" time="0"/>
  <testcase classname="com.grandmaster.chesspieces.RookTest" name="testInvalidMoveDiagonalForwardLeftOneSpace" time="0"/>
  <testcase classname="com.grandmaster.chesspieces.RookTest" name="testValidMoveForwardTwoSpaces" time="0"/>
  <testcase classname="com.grandmaster.chesspieces.RookTest" name="testInvalidMoveDiagonalDownwardLeftOneSpace" time="0"/>
  <testcase classname="com.grandmaster.chesspieces.RookTest" name="testValidMoveRightTwoSpaces" time="0"/>
  <testcase classname="com.grandmaster.chesspieces.RookTest" name="testInvalidMoveDiagonalDownwardLeftTwoSpaces" time="0"/>
  <testcase classname="com.grandmaster.chesspieces.RookTest" name="testValidMoveBackwardOneSpace" time="0"/>
  <testcase classname="com.grandmaster.chesspieces.RookTest" name="testInvalidMoveDiagonalForwardLeftTwoSpaces" time="0"/>
  <testcase classname="com.grandmaster.chesspieces.RookTest" name="testInvalidMoveDiagonalDownwardRightOneSpace" time="0"/>
  <testcase classname="com.grandmaster.chesspieces.RookTest" name="testInvalidMoveDiagonalForwardRightOneSpace" time="0"/>
</testsuite>